  Camera.cpp
C:\Users\Arturo\Documents\Visual Studio 2022\LabCGeiHC\LabCGeiHC11_P6\Camera.h(3,10): error C1083: No se puede abrir el archivo incluir: 'glew.h': No such file or directory
  (compilando archivo de origen "Camera.cpp")
  
  DirectionalLight.cpp
C:\Users\Arturo\Documents\Visual Studio 2022\LabCGeiHC\LabCGeiHC11_P6\Light.h(3,10): error C1083: No se puede abrir el archivo incluir: 'glew.h': No such file or directory
  (compilando archivo de origen "DirectionalLight.cpp")
  
  Light.cpp
C:\Users\Arturo\Documents\Visual Studio 2022\LabCGeiHC\LabCGeiHC11_P6\Light.h(3,10): error C1083: No se puede abrir el archivo incluir: 'glew.h': No such file or directory
  (compilando archivo de origen "Light.cpp")
  
  Material.cpp
C:\Users\Arturo\Documents\Visual Studio 2022\LabCGeiHC\LabCGeiHC11_P6\Material.h(3,10): error C1083: No se puede abrir el archivo incluir: 'glew.h': No such file or directory
  (compilando archivo de origen "Material.cpp")
  
  Mesh_tn.cpp
C:\Users\Arturo\Documents\Visual Studio 2022\LabCGeiHC\LabCGeiHC11_P6\Mesh.h(3,10): error C1083: No se puede abrir el archivo incluir: 'glew.h': No such file or directory
  (compilando archivo de origen "Mesh_tn.cpp")
  
  Model.cpp
C:\Users\Arturo\Documents\Visual Studio 2022\LabCGeiHC\LabCGeiHC11_P6\Model.h(4,9): error C1083: No se puede abrir el archivo incluir: 'assimp/Importer.hpp': No such file or directory
  (compilando archivo de origen "Model.cpp")
  
  PointLight.cpp
C:\Users\Arturo\Documents\Visual Studio 2022\LabCGeiHC\LabCGeiHC11_P6\Light.h(3,10): error C1083: No se puede abrir el archivo incluir: 'glew.h': No such file or directory
  (compilando archivo de origen "PointLight.cpp")
  
  practica6.cpp
C:\Users\Arturo\Documents\Visual Studio 2022\LabCGeiHC\LabCGeiHC11_P6\practica6.cpp(13,10): error C1083: No se puede abrir el archivo incluir: 'glew.h': No such file or directory
  Shader_m.cpp
C:\Users\Arturo\Documents\Visual Studio 2022\LabCGeiHC\LabCGeiHC11_P6\Shader_m.h(7,10): error C1083: No se puede abrir el archivo incluir: 'glew.h': No such file or directory
  (compilando archivo de origen "Shader_m.cpp")
  
  Skybox.cpp
C:\Users\Arturo\Documents\Visual Studio 2022\LabCGeiHC\LabCGeiHC11_P6\Skybox.h(6,9): error C1083: No se puede abrir el archivo incluir: 'glew.h': No such file or directory
  (compilando archivo de origen "Skybox.cpp")
  
  Sphere.cpp
C:\Users\Arturo\Documents\Visual Studio 2022\LabCGeiHC\LabCGeiHC11_P6\definition.h(11,10): error C1083: No se puede abrir el archivo incluir: 'glm.hpp': No such file or directory
  (compilando archivo de origen "Sphere.cpp")
  
  SpotLight.cpp
C:\Users\Arturo\Documents\Visual Studio 2022\LabCGeiHC\LabCGeiHC11_P6\Light.h(3,10): error C1083: No se puede abrir el archivo incluir: 'glew.h': No such file or directory
  (compilando archivo de origen "SpotLight.cpp")
  
  Texture.cpp
C:\Users\Arturo\Documents\Visual Studio 2022\LabCGeiHC\LabCGeiHC11_P6\Texture.h(2,9): error C1083: No se puede abrir el archivo incluir: 'glew.h': No such file or directory
  (compilando archivo de origen "Texture.cpp")
  
  Window.cpp
C:\Users\Arturo\Documents\Visual Studio 2022\LabCGeiHC\LabCGeiHC11_P6\Window.h(3,9): error C1083: No se puede abrir el archivo incluir: 'glew.h': No such file or directory
  (compilando archivo de origen "Window.cpp")
  
  Generando código...
